0 info it worked if it ends with ok
1 verbose cli [ 'node', '/usr/local/bin/npm', 'install', '-g', 'grunt-cli' ]
2 info using npm@2.13.4
3 info using node@v0.10.38
4 verbose install initial load of /usr/local/lib/package.json
5 verbose readDependencies loading dependencies from /usr/local/lib/package.json
6 silly cache add args [ 'grunt-cli', null ]
7 verbose cache add spec grunt-cli
8 silly cache add parsed spec { raw: 'grunt-cli',
8 silly cache add   scope: null,
8 silly cache add   name: 'grunt-cli',
8 silly cache add   rawSpec: '',
8 silly cache add   spec: '*',
8 silly cache add   type: 'range' }
9 silly addNamed grunt-cli@*
10 verbose addNamed "*" is a valid semver range for grunt-cli
11 silly addNameRange { name: 'grunt-cli', range: '*', hasData: false }
12 silly mapToRegistry name grunt-cli
13 silly mapToRegistry using default registry
14 silly mapToRegistry registry https://artifacts.ua-ecm.com/artifactory/api/npm/ua-npm
15 silly mapToRegistry uri https://artifacts.ua-ecm.com/artifactory/api/npm/ua-npm/grunt-cli
16 verbose addNameRange registry:https://artifacts.ua-ecm.com/artifactory/api/npm/ua-npm/grunt-cli not in flight; fetching
17 verbose request uri https://artifacts.ua-ecm.com/artifactory/api/npm/ua-npm/grunt-cli
18 verbose request always-auth set; sending authorization
19 info attempt registry request try #1 at 19:51:52
20 verbose request id a9c2c41445157b55
21 http request GET https://artifacts.ua-ecm.com/artifactory/api/npm/ua-npm/grunt-cli
22 http 404 https://artifacts.ua-ecm.com/artifactory/api/npm/ua-npm/grunt-cli
23 verbose headers { server: 'nginx/1.6.3',
23 verbose headers   date: 'Tue, 26 Jan 2016 00:48:44 GMT',
23 verbose headers   'content-type': 'application/json',
23 verbose headers   'transfer-encoding': 'chunked',
23 verbose headers   connection: 'keep-alive',
23 verbose headers   'x-artifactory-id': '38abd17d93f6e84f:79bf9fcc:1501ed84b1b:-8000' }
24 silly get cb [ 404,
24 silly get   { server: 'nginx/1.6.3',
24 silly get     date: 'Tue, 26 Jan 2016 00:48:44 GMT',
24 silly get     'content-type': 'application/json',
24 silly get     'transfer-encoding': 'chunked',
24 silly get     connection: 'keep-alive',
24 silly get     'x-artifactory-id': '38abd17d93f6e84f:79bf9fcc:1501ed84b1b:-8000' } ]
25 verbose stack Error: 404 Not Found: grunt-cli
25 verbose stack     at CachingRegistryClient.<anonymous> (/usr/local/lib/node_modules/npm/node_modules/npm-registry-client/lib/request.js:245:14)
25 verbose stack     at Request._callback (/usr/local/lib/node_modules/npm/node_modules/npm-registry-client/lib/request.js:170:14)
25 verbose stack     at Request.self.callback (/usr/local/lib/node_modules/npm/node_modules/request/request.js:198:22)
25 verbose stack     at Request.emit (events.js:98:17)
25 verbose stack     at Request.<anonymous> (/usr/local/lib/node_modules/npm/node_modules/request/request.js:1057:14)
25 verbose stack     at Request.emit (events.js:117:20)
25 verbose stack     at IncomingMessage.<anonymous> (/usr/local/lib/node_modules/npm/node_modules/request/request.js:1003:12)
25 verbose stack     at IncomingMessage.emit (events.js:117:20)
25 verbose stack     at _stream_readable.js:944:16
25 verbose stack     at process._tickCallback (node.js:448:13)
26 verbose statusCode 404
27 verbose pkgid grunt-cli
28 verbose cwd /Users/rwilson1/src/dundalkepc.github.io
29 error Darwin 14.5.0
30 error argv "node" "/usr/local/bin/npm" "install" "-g" "grunt-cli"
31 error node v0.10.38
32 error npm  v2.13.4
33 error code E404
34 error 404 Not Found: grunt-cli
34 error 404
34 error 404 'grunt-cli' is not in the npm registry.
34 error 404 You should bug the author to publish it (or use the name yourself!)
34 error 404
34 error 404 Note that you can also install from a
34 error 404 tarball, folder, http url, or git url.
35 verbose exit [ 1, true ]
